<?xml version="1.0" encoding="UTF-8"?>
<testsuite name="com.twu.biblioteca.book.BookTest" tests="5" skipped="0" failures="0" errors="0" timestamp="2015-12-10T00:11:57" hostname="Bretts-iMac.local" time="0.001">
  <properties/>
  <testcase name="testGetTitle" classname="com.twu.biblioteca.book.BookTest" time="0.001"/>
  <testcase name="testToString" classname="com.twu.biblioteca.book.BookTest" time="0.0"/>
  <testcase name="testIfTwoBooksAreTheSame" classname="com.twu.biblioteca.book.BookTest" time="0.0"/>
  <testcase name="testGetAuthor" classname="com.twu.biblioteca.book.BookTest" time="0.0"/>
  <testcase name="testGetYearPublished" classname="com.twu.biblioteca.book.BookTest" time="0.0"/>
  <system-out><![CDATA[]]></system-out>
  <system-err><![CDATA[]]></system-err>
</testsuite>
